#
# There is insufficient memory for the Java Runtime Environment to continue.
# Native memory allocation (mmap) failed to map 266338304 bytes for G1 virtual space
# Possible reasons:
#   The system is out of physical RAM or swap space
#   The process is running with CompressedOops enabled, and the Java Heap may be blocking the growth of the native heap
# Possible solutions:
#   Reduce memory load on the system
#   Increase physical memory or swap space
#   Check if swap backing store is full
#   Decrease Java heap size (-Xmx/-Xms)
#   Decrease number of Java threads
#   Decrease Java thread stack sizes (-Xss)
#   Set larger code cache with -XX:ReservedCodeCacheSize=
#   JVM is running with Zero Based Compressed Oops mode in which the Java heap is
#     placed in the first 32GB address space. The Java Heap base address is the
#     maximum limit for the native heap growth. Please use -XX:HeapBaseMinAddress
#     to set the Java Heap base and to place the Java Heap above 32GB virtual address.
# This output file may be truncated or incomplete.
#
#  Out of Memory Error (os_windows.cpp:3536), pid=37800, tid=48024
#
# JRE version:  (19.0.2+7) (build )
# Java VM: OpenJDK 64-Bit Server VM (19.0.2+7-44, mixed mode, tiered, compressed oops, compressed class ptrs, g1 gc, windows-amd64)
# No core dump will be written. Minidumps are not enabled by default on client versions of Windows
#

---------------  S U M M A R Y ------------

Command Line: -ea -DnodeNamesHandler=org.jetbrains.plugins.cucumber.java.run.CucumberTestTreeNodeManager -Didea.test.cyclic.buffer.size=1048576 -javaagent:D:\IntelliJ\IntelliJ IDEA 2022.3.2\lib\idea_rt.jar=56914:D:\IntelliJ\IntelliJ IDEA 2022.3.2\bin --patch-module=com.example.softwareproject1=E:/Software/SoftwareProject/target/test-classes --add-reads=com.example.softwareproject1=ALL-UNNAMED --add-opens=com.example.softwareproject1/org.example.AcceptableTest=ALL-UNNAMED --add-modules=com.example.softwareproject1 -Dfile.encoding=UTF-8 -Dsun.stdout.encoding=UTF-8 -Dsun.stderr.encoding=UTF-8 --module-path=C:\Users\rrash\.m2\repository\org\openjfx\javafx-graphics\17.0.2\javafx-graphics-17.0.2-win.jar;C:\Users\rrash\.m2\repository\org\openjfx\javafx-base\17.0.2\javafx-base-17.0.2-win.jar;C:\Users\rrash\.m2\repository\org\kordamp\bootstrapfx\bootstrapfx-core\0.4.0\bootstrapfx-core-0.4.0.jar;C:\Users\rrash\.m2\repository\com\oracle\database\jdbc\ojdbc11\21.9.0.0\ojdbc11-21.9.0.0.jar;E:\Software\SoftwareProject\target\classes;C:\Users\rrash\.m2\repository\org\openjfx\javafx-fxml\17.0.2\javafx-fxml-17.0.2-win.jar;C:\Users\rrash\.m2\repository\org\openjfx\javafx-controls\17.0.2\javafx-controls-17.0.2-win.jar com.intellij.rt.junit.JUnitStarter -ideVersion5 -junit4 org.example.AcceptableTest.acceptableTest

Host: Intel(R) Core(TM) i7-10750H CPU @ 2.60GHz, 12 cores, 15G,  Windows 11 , 64 bit Build 22621 (10.0.22621.1194)
Time: Mon Mar  6 21:54:50 2023 South Africa Standard Time elapsed time: 0.012629 seconds (0d 0h 0m 0s)

---------------  T H R E A D  ---------------

Current thread (0x000001e8f55e6fe0):  JavaThread "Unknown thread" [_thread_in_vm, id=48024, stack(0x0000009763800000,0x0000009763900000)]

Stack: [0x0000009763800000,0x0000009763900000]
Native frames: (J=compiled Java code, j=interpreted, Vv=VM code, C=native code)
V  [jvm.dll+0x6ee21a]
V  [jvm.dll+0x85765e]
V  [jvm.dll+0x85904e]
V  [jvm.dll+0x859703]
V  [jvm.dll+0x28298f]
V  [jvm.dll+0x6eb009]
V  [jvm.dll+0x6dfbaa]
V  [jvm.dll+0x3573f6]
V  [jvm.dll+0x35ee56]
V  [jvm.dll+0x3b541e]
V  [jvm.dll+0x3b564f]
V  [jvm.dll+0x32c9ea]
V  [jvm.dll+0x32d89e]
V  [jvm.dll+0x821780]
V  [jvm.dll+0x3c2661]
V  [jvm.dll+0x801f51]
V  [jvm.dll+0x44ae8f]
V  [jvm.dll+0x44c811]
C  [jli.dll+0x5287]
C  [ucrtbase.dll+0x29363]
C  [KERNEL32.DLL+0x126bd]
C  [ntdll.dll+0x5dfb8]


---------------  P R O C E S S  ---------------

Threads class SMR info:
_java_thread_list=0x00007ffda520d048, length=0, elements={
}

Java Threads: ( => current thread )

Other Threads:
  0x000001e8f5655010 WorkerThread "GC Thread#0" [stack: 0x0000009763900000,0x0000009763a00000] [id=15604]
  0x000001e8ff292010 ConcurrentGCThread "G1 Main Marker" [stack: 0x0000009763a00000,0x0000009763b00000] [id=47264]
  0x000001e8ff293c10 WorkerThread "G1 Conc#0" [stack: 0x0000009763b00000,0x0000009763c00000] [id=37712]

[error occurred during error reporting (printing all threads), id 0xc0000005, EXCEPTION_ACCESS_VIOLATION (0xc0000005) at pc=0x00007ffda49cd427]

VM state: not at safepoint (not fully initialized)

VM Mutex/Monitor currently owned by a thread:  ([mutex/lock_event])
[0x000001e8f55e3100] Heap_lock - owner thread: 0x000001e8f55e6fe0

Heap address: 0x00000006c2000000, size: 4064 MB, Compressed Oops mode: Zero based, Oop shift amount: 3

CDS archive(s) not mapped
Narrow klass base: 0x0000000000000000, Narrow klass shift: 0, Narrow klass range: 0x0

GC Precious Log:
 CardTable entry size: 512
 Card Set container configuration: InlinePtr #cards 4 size 8 Array Of Cards #cards 16 size 48 Howl #buckets 8 coarsen threshold 3686 Howl Bitmap #cards 512 size 80 coarsen threshold 460 Card regions per heap region 1 cards per card region 4096

Heap:
 garbage-first heap   total 0K, used 0K [0x00000006c2000000, 0x00000007c0000000)
  region size 2048K, 0 young (0K), 0 survivors (0K)

[error occurred during error reporting (printing heap information), id 0xc0000005, EXCEPTION_ACCESS_VIOLATION (0xc0000005) at pc=0x00007ffda4dd6649]

GC Heap History (0 events):
No events

Dll operation events (1 events):
Event: 0.008 Loaded shared library C:\Users\rrash\.jdks\openjdk-19.0.2\bin\java.dll

Deoptimization events (0 events):
No events

Classes loaded (0 events):
No events

Classes unloaded (0 events):
No events

Classes redefined (0 events):
No events

Internal exceptions (0 events):
No events

VM Operations (0 events):
No events

Events (0 events):
No events


Dynamic libraries:
0x00007ff729b70000 - 0x00007ff729b7e000 	C:\Users\rrash\.jdks\openjdk-19.0.2\bin\java.exe
0x00007ffebce70000 - 0x00007ffebd084000 	C:\WINDOWS\SYSTEM32\ntdll.dll
0x00007ffebace0000 - 0x00007ffebada3000 	C:\WINDOWS\System32\KERNEL32.DLL
0x00007ffeba330000 - 0x00007ffeba6cc000 	C:\WINDOWS\System32\KERNELBASE.dll
0x00007ffebab60000 - 0x00007ffebac71000 	C:\WINDOWS\System32\ucrtbase.dll
0x00007ffe95d90000 - 0x00007ffe95da7000 	C:\Users\rrash\.jdks\openjdk-19.0.2\bin\jli.dll
0x00007ffe91b30000 - 0x00007ffe91b4b000 	C:\Users\rrash\.jdks\openjdk-19.0.2\bin\VCRUNTIME140.dll
0x00007ffebca30000 - 0x00007ffebcbdd000 	C:\WINDOWS\System32\USER32.dll
0x00007ffeba6d0000 - 0x00007ffeba6f6000 	C:\WINDOWS\System32\win32u.dll
0x00007ffe9b2b0000 - 0x00007ffe9b53e000 	C:\WINDOWS\WinSxS\amd64_microsoft.windows.common-controls_6595b64144ccf1df_6.0.22621.608_none_a9444ca7c10bb01d\COMCTL32.dll
0x00007ffebbcd0000 - 0x00007ffebbcf9000 	C:\WINDOWS\System32\GDI32.dll
0x00007ffebc970000 - 0x00007ffebca17000 	C:\WINDOWS\System32\msvcrt.dll
0x00007ffebaa40000 - 0x00007ffebab52000 	C:\WINDOWS\System32\gdi32full.dll
0x00007ffeba9a0000 - 0x00007ffebaa3a000 	C:\WINDOWS\System32\msvcp_win.dll
0x00007ffebbe80000 - 0x00007ffebbeb2000 	C:\WINDOWS\System32\IMM32.DLL
0x00007ffea4900000 - 0x00007ffea490c000 	C:\Users\rrash\.jdks\openjdk-19.0.2\bin\vcruntime140_1.dll
0x00007ffe75950000 - 0x00007ffe759de000 	C:\Users\rrash\.jdks\openjdk-19.0.2\bin\msvcp140.dll
0x00007ffda4690000 - 0x00007ffda5350000 	C:\Users\rrash\.jdks\openjdk-19.0.2\bin\server\jvm.dll
0x00007ffebcbe0000 - 0x00007ffebcc8e000 	C:\WINDOWS\System32\ADVAPI32.dll
0x00007ffebb430000 - 0x00007ffebb4d4000 	C:\WINDOWS\System32\sechost.dll
0x00007ffebc850000 - 0x00007ffebc965000 	C:\WINDOWS\System32\RPCRT4.dll
0x00007ffea8960000 - 0x00007ffea8994000 	C:\WINDOWS\SYSTEM32\WINMM.dll
0x00007ffeb3c60000 - 0x00007ffeb3c69000 	C:\WINDOWS\SYSTEM32\WSOCK32.dll
0x00007ffeb1a50000 - 0x00007ffeb1a5a000 	C:\WINDOWS\SYSTEM32\VERSION.dll
0x00007ffebbe00000 - 0x00007ffebbe71000 	C:\WINDOWS\System32\WS2_32.dll
0x00007ffeb9300000 - 0x00007ffeb9318000 	C:\WINDOWS\SYSTEM32\kernel.appcore.dll
0x00007ffea4800000 - 0x00007ffea480a000 	C:\Users\rrash\.jdks\openjdk-19.0.2\bin\jimage.dll
0x00007ffeb3840000 - 0x00007ffeb3a6e000 	C:\WINDOWS\SYSTEM32\DBGHELP.DLL
0x00007ffebb0a0000 - 0x00007ffebb42a000 	C:\WINDOWS\System32\combase.dll
0x00007ffebbed0000 - 0x00007ffebbfa7000 	C:\WINDOWS\System32\OLEAUT32.dll
0x00007ffeb26a0000 - 0x00007ffeb26d2000 	C:\WINDOWS\SYSTEM32\dbgcore.DLL
0x00007ffeba2b0000 - 0x00007ffeba32b000 	C:\WINDOWS\System32\bcryptPrimitives.dll
0x00007ffeb7aa0000 - 0x00007ffeb7aae000 	C:\Users\rrash\.jdks\openjdk-19.0.2\bin\instrument.dll
0x00007ffe7de70000 - 0x00007ffe7de96000 	C:\Users\rrash\.jdks\openjdk-19.0.2\bin\java.dll

dbghelp: loaded successfully - version: 4.0.5 - missing functions: none
symbol engine: initialized successfully - sym options: 0x614 - pdb path: .;C:\Users\rrash\.jdks\openjdk-19.0.2\bin;C:\WINDOWS\SYSTEM32;C:\WINDOWS\WinSxS\amd64_microsoft.windows.common-controls_6595b64144ccf1df_6.0.22621.608_none_a9444ca7c10bb01d;C:\Users\rrash\.jdks\openjdk-19.0.2\bin\server

VM Arguments:
jvm_args: -ea -DnodeNamesHandler=org.jetbrains.plugins.cucumber.java.run.CucumberTestTreeNodeManager -Didea.test.cyclic.buffer.size=1048576 -javaagent:D:\IntelliJ\IntelliJ IDEA 2022.3.2\lib\idea_rt.jar=56914:D:\IntelliJ\IntelliJ IDEA 2022.3.2\bin --patch-module=com.example.softwareproject1=E:/Software/SoftwareProject/target/test-classes --add-reads=com.example.softwareproject1=ALL-UNNAMED --add-opens=com.example.softwareproject1/org.example.AcceptableTest=ALL-UNNAMED --add-modules=com.example.softwareproject1 -Dfile.encoding=UTF-8 -Dsun.stdout.encoding=UTF-8 -Dsun.stderr.encoding=UTF-8 --module-path=C:\Users\rrash\.m2\repository\org\openjfx\javafx-graphics\17.0.2\javafx-graphics-17.0.2-win.jar;C:\Users\rrash\.m2\repository\org\openjfx\javafx-base\17.0.2\javafx-base-17.0.2-win.jar;C:\Users\rrash\.m2\repository\org\kordamp\bootstrapfx\bootstrapfx-core\0.4.0\bootstrapfx-core-0.4.0.jar;C:\Users\rrash\.m2\repository\com\oracle\database\jdbc\ojdbc11\21.9.0.0\ojdbc11-21.9.0.0.jar;E:\Software\SoftwareProject\target\classes;C:\Users\rrash\.m2\repository\org\openjfx\javafx-fxml\17.0.2\javafx-fxml-17.0.2-win.jar;C:\Users\rrash\.m2\repository\org\openjfx\javafx-controls\17.0.2\javafx-controls-17.0.2-win.jar 
java_command: com.intellij.rt.junit.JUnitStarter -ideVersion5 -junit4 org.example.AcceptableTest.acceptableTest
java_class_path (initial): D:\IntelliJ\IntelliJ IDEA 2022.3.2\lib\idea_rt.jar;D:\IntelliJ\IntelliJ IDEA 2022.3.2\plugins\junit\lib\junit5-rt.jar;D:\IntelliJ\IntelliJ IDEA 2022.3.2\plugins\junit\lib\junit-rt.jar;E:\Software\SoftwareProject\target\test-classes;C:\Users\rrash\.m2\repository\org\openjfx\javafx-controls\17.0.2\javafx-controls-17.0.2.jar;C:\Users\rrash\.m2\repository\org\openjfx\javafx-graphics\17.0.2\javafx-graphics-17.0.2.jar;C:\Users\rrash\.m2\repository\org\openjfx\javafx-base\17.0.2\javafx-base-17.0.2.jar;C:\Users\rrash\.m2\repository\org\openjfx\javafx-fxml\17.0.2\javafx-fxml-17.0.2.jar;C:\Users\rrash\.m2\repository\org\junit\jupiter\junit-jupiter-api\5.9.1\junit-jupiter-api-5.9.1.jar;C:\Users\rrash\.m2\repository\org\opentest4j\opentest4j\1.2.0\opentest4j-1.2.0.jar;C:\Users\rrash\.m2\repository\org\junit\platform\junit-platform-commons\1.9.1\junit-platform-commons-1.9.1.jar;C:\Users\rrash\.m2\repository\org\apiguardian\apiguardian-api\1.1.2\apiguardian-api-1.1.2.jar;C:\Users\rrash\.m2\repository\org\junit\jupiter\junit-jupiter-engine\5.9.1\junit-jupiter-engine-5.9.1.jar;C:\Users\rrash\.m2\repository\org\junit\platform\junit-platform-engine\1.9.1\junit-platform-engine-1.9.1.jar;C:\Users\rrash\.m2\repository\junit\junit\4.13.2\junit-4.13.2.jar;C:\Users\rrash\.m2\repository\org\hamcrest\hamcrest-core\1.3\hamcrest-core-1.3.jar;C:\Users\rrash\.m2\repository\io\cucumber\cucumber-java\7.11.1\cucumber-java-7.11.1.jar;C:\Users\rrash\.m2\repository\io\cucumber\cucumber-junit\7.11.1\cucumber-junit-7.11.1.jar;C:\Users\rrash\.m2\repository\io\cucumber\cucumber-picocontainer\7.11.1\cucumber-picocontainer-7.11.1.jar;C:\Users\rrash\.m2\repository\org\picocontainer\picocontainer\2.15\picocontainer-2.15.jar;C:\Users\rrash\.m2\repository\io\cucumber\cucumber-core\7.11.1\cucumber-core-7.11.1.jar;C:\Users\rrash\.m2\repository\io\cucumber\cucumber-gherkin\7.11.1\cucumber-gherkin-7.11.1.jar;C:\Users\rrash\.m2\repository\io\cucumber\cucumber-gherkin-messages\7.11.1\cucumber-gherkin-messages-7.11.1.jar;C:\Users\rrash\.m2\repository\io\cucumber\gherkin\26.0.3\gherkin-26.0.3.jar;C:\Users\rrash\.m2\repository\io\cucumber\messages\21.0.1\messages-21.0.1.jar;C:\Users\rrash\.m2\repository\io\cucumber\tag-expressions\5.0.1\tag-expressions-5.0.1.jar;C:\Users\rrash\.m2\repository\io\cucumber\cucumber-expressions\16.1.2\cucumber-expressions-16.1.2.jar;C:\Users\rrash\.m2\repository\io\cucumber\datatable\7.11.1\datatable-7.11.1.jar;C:\Users\rrash\.m2\repository\io\cucumber\cucumber-plugin\7.11.1\cucumber-plugin-7.11.1.jar;C:\Users\rrash\.m2\repository\io\cucumber\docstring\7.11.1\docstring-7.11.1.jar;C:\Users\rrash\.m2\repository\io\cucumber\html-formatter\20.2.1\html-formatter-20.2.1.jar;C:\Users\rrash\.m2\repository\io\cucumber\junit-xml-formatter\0.1.0\junit-xml-formatter-0.1.0.jar;C:\Users\rrash\.m2\repository\io\cucumber\ci-environment\9.1.0\ci-environment-9.1.0.jar;C:\Users\rrash\.m2\repository\net\sf\jasperreports\jasperreports\6.20.0\jasperreports-6.20.0.jar;C:\Users\rrash\.m2\repository\commons-beanutils\commons-beanutils\1.9.4\commons-beanutils-1.9.4.jar;C:\Users\rrash\.m2\repository\commons-collections\commons-collections\3.2.2\commons-collections-3.2.2.jar;C:\Users\rrash\.m2\repository\commons-digester\commons-digester\2.1\commons-digester-2.1.jar;C:\Users\rrash\.m2\repository\commons-logging\commons-logging\1.1.1\commons-logging-1.1.1.jar;C:\Users\rrash\.m2\repository\org\apache\commons\commons-collections4\4.2\commons-collections4-4.2.jar;C:\Users\rrash\.m2\repository\com\lowagie\itext\2.1.7.js10\itext-2.1.7.js10.jar;C:\Users\rrash\.m2\repository\org\bouncycastle\bcprov-jdk15on\1.70\bcprov-jdk15on-1.70.jar;C:\Users\rrash\.m2\repository\org\bouncycastle\bcutil-jdk15on\1.70\bcutil-jdk15on-1.70.jar;C:\Users\rrash\.m2\repository\org\jfree\jcommon\1.0.23\jcommon-1.0.23.jar;C:\Users\rrash\.m2\repository\org\jfree\jfreechart\1.0.19\jfreechart-1.0.19.jar;C:\Users\rrash\.m2\repository\org\eclipse\jdt\ecj\3.21.0\ecj-3.21.0.jar;C:\Users\rrash\.m2\repository\com\fasterxml\jackson\core\jackson-core\2.13.3\jackson-core-2.13.3.jar;C:\Users\rrash\.m2\repository\com\fasterxml\jackson\core\jackson-databind\2.13.3\jackson-databind-2.13.3.jar;C:\Users\rrash\.m2\repository\com\fasterxml\jackson\core\jackson-annotations\2.13.3\jackson-annotations-2.13.3.jar;C:\Users\rrash\.m2\repository\com\fasterxml\jackson\dataformat\jackson-dataformat-xml\2.13.3\jackson-dataformat-xml-2.13.3.jar;C:\Users\rrash\.m2\repository\org\codehaus\woodstox\stax2-api\4.2.1\stax2-api-4.2.1.jar;C:\Users\rrash\.m2\repository\com\fasterxml\woodstox\woodstox-core\6.2.7\woodstox-core-6.2.7.jar;D:\IntelliJ\IntelliJ IDEA 2022.3.2\plugins\cucumber-java\lib\cucumber-jvmFormatter.jar
Launcher Type: SUN_STANDARD

[Global flags]
     intx CICompilerCount                          = 4                                         {product} {ergonomic}
     uint ConcGCThreads                            = 3                                         {product} {ergonomic}
     uint G1ConcRefinementThreads                  = 10                                        {product} {ergonomic}
   size_t G1HeapRegionSize                         = 2097152                                   {product} {ergonomic}
    uintx GCDrainStackTargetSize                   = 64                                        {product} {ergonomic}
   size_t InitialHeapSize                          = 266338304                                 {product} {ergonomic}
   size_t MarkStackSize                            = 4194304                                   {product} {ergonomic}
   size_t MaxHeapSize                              = 4261412864                                {product} {ergonomic}
   size_t MinHeapDeltaBytes                        = 2097152                                   {product} {ergonomic}
   size_t MinHeapSize                              = 8388608                                   {product} {ergonomic}
    uintx NonNMethodCodeHeapSize                   = 5839372                                {pd product} {ergonomic}
    uintx NonProfiledCodeHeapSize                  = 122909434                              {pd product} {ergonomic}
    uintx ProfiledCodeHeapSize                     = 122909434                              {pd product} {ergonomic}
    uintx ReservedCodeCacheSize                    = 251658240                              {pd product} {ergonomic}
     bool SegmentedCodeCache                       = true                                      {product} {ergonomic}
   size_t SoftMaxHeapSize                          = 4261412864                             {manageable} {ergonomic}
     bool UseCompressedClassPointers               = true                           {product lp64_product} {ergonomic}
     bool UseCompressedOops                        = true                           {product lp64_product} {ergonomic}
     bool UseG1GC                                  = true                                      {product} {ergonomic}
     bool UseLargePagesIndividualAllocation        = false                                  {pd product} {ergonomic}

Logging:
Log output configuration:
 #0: stdout all=warning uptime,level,tags foldmultilines=false
 #1: stderr all=off uptime,level,tags foldmultilines=false

Environment Variables:
PATH=E:\21C\dbhomeXE\bin;C:\WINDOWS\system32;C:\WINDOWS;C:\WINDOWS\System32\Wbem;C:\WINDOWS\System32\WindowsPowerShell\v1.0\;C:\WINDOWS\System32\OpenSSH\;C:\Program Files\Microsoft SQL Server\150\Tools\Binn\;C:\Program Files\Git\cmd;C:\Program Files\Microsoft SQL Server\Client SDK\ODBC\170\Tools\Binn\;C:\Program Files\dotnet\;C:\Program Files\NVIDIA Corporation\NVIDIA NvDLISR;C:\WINDOWS\system32;C:\WINDOWS;C:\WINDOWS\System32\Wbem;C:\WINDOWS\System32\WindowsPowerShell\v1.0\;C:\WINDOWS\System32\OpenSSH\;C:\MinGW\bin;C:\Users\rrash\AppData\Local\Microsoft\WindowsApps;D:\VS\Microsoft VS Code\bin;C:\Users\rrash\.dotnet\tools;C:\MinGW\bin;
USERNAME=rrash
OS=Windows_NT
PROCESSOR_IDENTIFIER=Intel64 Family 6 Model 165 Stepping 2, GenuineIntel
TMP=C:\Users\rrash\AppData\Local\Temp
TEMP=C:\Users\rrash\AppData\Local\Temp



---------------  S Y S T E M  ---------------

OS:
 Windows 11 , 64 bit Build 22621 (10.0.22621.1194)
OS uptime: 17 days 7:31 hours

CPU: total 12 (initial active 12) (6 cores per cpu, 2 threads per core) family 6 model 165 stepping 2 microcode 0xe0, cx8, cmov, fxsr, ht, mmx, 3dnowpref, sse, sse2, sse3, ssse3, sse4.1, sse4.2, popcnt, lzcnt, tsc, tscinvbit, avx, avx2, aes, erms, clmul, bmi1, bmi2, adx, fma, vzeroupper, clflush, clflushopt, rdtscp

Memory: 4k page, system-wide physical 16252M (1379M free)
TotalPageFile size 46586M (AvailPageFile size 199M)
current process WorkingSet (physical memory assigned to process): 12M, peak: 12M
current process commit charge ("private bytes"): 65M, peak: 318M

vm_info: OpenJDK 64-Bit Server VM (19.0.2+7-44) for windows-amd64 JRE (19.0.2+7-44), built on 2022-11-30T18:02:09Z by "mach5one" with MS VC++ 17.1 (VS2022)

END.
